--progress is a global compose flag, better use `docker compose --progress xx build ...
#1 [internal] load local bake definitions
#1 reading from stdin 2.48kB done
#1 DONE 0.0s

#2 [airflow-scheduler internal] load build definition from Dockerfile
#2 transferring dockerfile: 487B done
#2 DONE 0.0s

#3 [airflow-scheduler internal] load metadata for docker.io/apache/airflow:2.9.3
#3 DONE 0.0s

#4 [airflow-scheduler internal] load .dockerignore
#4 transferring context: 112B done
#4 DONE 0.0s

#5 [airflow-init 1/3] FROM docker.io/apache/airflow:2.9.3
#5 CACHED

#6 [airflow-init internal] load build context
#6 transferring context: 217B done
#6 DONE 0.0s

#7 [airflow-init 2/3] COPY requirements.txt /tmp/requirements.txt
#7 DONE 0.0s

#8 [airflow-init 3/3] RUN set -eux;     python --version;     pip --version;     echo "Using constraints: https://raw.githubusercontent.com/apache/airflow/constraints-2.9.3/constraints-3.12.txt";     pip install --no-cache-dir -r /tmp/requirements.txt -c "https://raw.githubusercontent.com/apache/airflow/constraints-2.9.3/constraints-3.12.txt"
#8 0.248 + python --version
#8 0.260 Python 3.12.4
#8 0.260 + pip --version
#8 1.070 pip 24.2 from /home/airflow/.local/lib/python3.12/site-packages/pip (python 3.12)
#8 1.096 + echo 'Using constraints: https://raw.githubusercontent.com/apache/airflow/constraints-2.9.3/constraints-3.12.txt'
#8 1.096 + pip install --no-cache-dir -r /tmp/requirements.txt -c https://raw.githubusercontent.com/apache/airflow/constraints-2.9.3/constraints-3.12.txt
#8 1.096 Using constraints: https://raw.githubusercontent.com/apache/airflow/constraints-2.9.3/constraints-3.12.txt
#8 2.477 Requirement already satisfied: pandas==2.1.4 in /home/airflow/.local/lib/python3.12/site-packages (from -r /tmp/requirements.txt (line 1)) (2.1.4)
#8 2.478 Requirement already satisfied: pydantic==2.8.2 in /home/airflow/.local/lib/python3.12/site-packages (from -r /tmp/requirements.txt (line 2)) (2.8.2)
#8 2.478 Requirement already satisfied: requests==2.32.3 in /home/airflow/.local/lib/python3.12/site-packages (from -r /tmp/requirements.txt (line 3)) (2.32.3)
#8 2.832 Collecting duckdb==1.0.0 (from -r /tmp/requirements.txt (line 5))
#8 2.998   Downloading duckdb-1.0.0-cp312-cp312-manylinux_2_17_x86_64.manylinux2014_x86_64.whl.metadata (762 bytes)
#8 3.118 Collecting pytest==7.4.4 (from -r /tmp/requirements.txt (line 6))
#8 3.159   Downloading pytest-7.4.4-py3-none-any.whl.metadata (7.9 kB)
#8 3.163 Requirement already satisfied: python-dotenv==1.0.1 in /home/airflow/.local/lib/python3.12/site-packages (from -r /tmp/requirements.txt (line 7)) (1.0.1)
#8 3.163 Requirement already satisfied: apache-airflow-providers-google in /home/airflow/.local/lib/python3.12/site-packages (from -r /tmp/requirements.txt (line 10)) (10.21.0)
#8 3.164 Requirement already satisfied: apache-airflow-providers-http in /home/airflow/.local/lib/python3.12/site-packages (from -r /tmp/requirements.txt (line 11)) (4.12.0)
#8 3.171 Requirement already satisfied: numpy<2,>=1.26.0 in /home/airflow/.local/lib/python3.12/site-packages (from pandas==2.1.4->-r /tmp/requirements.txt (line 1)) (1.26.4)
#8 3.172 Requirement already satisfied: python-dateutil>=2.8.2 in /home/airflow/.local/lib/python3.12/site-packages (from pandas==2.1.4->-r /tmp/requirements.txt (line 1)) (2.9.0.post0)
#8 3.173 Requirement already satisfied: pytz>=2020.1 in /home/airflow/.local/lib/python3.12/site-packages (from pandas==2.1.4->-r /tmp/requirements.txt (line 1)) (2024.1)
#8 3.173 Requirement already satisfied: tzdata>=2022.1 in /home/airflow/.local/lib/python3.12/site-packages (from pandas==2.1.4->-r /tmp/requirements.txt (line 1)) (2024.1)
#8 3.176 Requirement already satisfied: annotated-types>=0.4.0 in /home/airflow/.local/lib/python3.12/site-packages (from pydantic==2.8.2->-r /tmp/requirements.txt (line 2)) (0.7.0)
#8 3.177 Requirement already satisfied: pydantic-core==2.20.1 in /home/airflow/.local/lib/python3.12/site-packages (from pydantic==2.8.2->-r /tmp/requirements.txt (line 2)) (2.20.1)
#8 3.178 Requirement already satisfied: typing-extensions>=4.6.1 in /home/airflow/.local/lib/python3.12/site-packages (from pydantic==2.8.2->-r /tmp/requirements.txt (line 2)) (4.12.2)
#8 3.181 Requirement already satisfied: charset-normalizer<4,>=2 in /home/airflow/.local/lib/python3.12/site-packages (from requests==2.32.3->-r /tmp/requirements.txt (line 3)) (3.3.2)
#8 3.181 Requirement already satisfied: idna<4,>=2.5 in /home/airflow/.local/lib/python3.12/site-packages (from requests==2.32.3->-r /tmp/requirements.txt (line 3)) (3.7)
#8 3.182 Requirement already satisfied: urllib3<3,>=1.21.1 in /home/airflow/.local/lib/python3.12/site-packages (from requests==2.32.3->-r /tmp/requirements.txt (line 3)) (2.0.7)
#8 3.182 Requirement already satisfied: certifi>=2017.4.17 in /home/airflow/.local/lib/python3.12/site-packages (from requests==2.32.3->-r /tmp/requirements.txt (line 3)) (2024.7.4)
#8 3.230 Collecting iniconfig (from pytest==7.4.4->-r /tmp/requirements.txt (line 6))
#8 3.271   Downloading iniconfig-2.0.0-py3-none-any.whl.metadata (2.6 kB)
#8 3.275 Requirement already satisfied: packaging in /home/airflow/.local/lib/python3.12/site-packages (from pytest==7.4.4->-r /tmp/requirements.txt (line 6)) (24.1)
#8 3.276 Requirement already satisfied: pluggy<2.0,>=0.12 in /home/airflow/.local/lib/python3.12/site-packages (from pytest==7.4.4->-r /tmp/requirements.txt (line 6)) (1.5.0)
#8 3.285 Requirement already satisfied: PyOpenSSL>=23.0.0 in /home/airflow/.local/lib/python3.12/site-packages (from apache-airflow-providers-google->-r /tmp/requirements.txt (line 10)) (24.1.0)
#8 3.286 Requirement already satisfied: apache-airflow-providers-common-sql>=1.7.2 in /home/airflow/.local/lib/python3.12/site-packages (from apache-airflow-providers-google->-r /tmp/requirements.txt (line 10)) (1.14.2)
#8 3.287 Requirement already satisfied: apache-airflow>=2.7.0 in /home/airflow/.local/lib/python3.12/site-packages (from apache-airflow-providers-google->-r /tmp/requirements.txt (line 10)) (2.9.3)
#8 3.288 Requirement already satisfied: asgiref>=3.5.2 in /home/airflow/.local/lib/python3.12/site-packages (from apache-airflow-providers-google->-r /tmp/requirements.txt (line 10)) (3.8.1)
#8 3.289 Requirement already satisfied: dill>=0.2.3 in /home/airflow/.local/lib/python3.12/site-packages (from apache-airflow-providers-google->-r /tmp/requirements.txt (line 10)) (0.3.8)
#8 3.289 Requirement already satisfied: gcloud-aio-auth<5.0.0,>=4.0.0 in /home/airflow/.local/lib/python3.12/site-packages (from apache-airflow-providers-google->-r /tmp/requirements.txt (line 10)) (4.2.3)
#8 3.290 Requirement already satisfied: gcloud-aio-bigquery>=6.1.2 in /home/airflow/.local/lib/python3.12/site-packages (from apache-airflow-providers-google->-r /tmp/requirements.txt (line 10)) (7.1.0)
#8 3.290 Requirement already satisfied: gcloud-aio-storage>=9.0.0 in /home/airflow/.local/lib/python3.12/site-packages (from apache-airflow-providers-google->-r /tmp/requirements.txt (line 10)) (9.2.0)
#8 3.291 Requirement already satisfied: gcsfs>=2023.10.0 in /home/airflow/.local/lib/python3.12/site-packages (from apache-airflow-providers-google->-r /tmp/requirements.txt (line 10)) (2023.12.2.post1)
#8 3.291 Requirement already satisfied: google-ads>=24.1.0 in /home/airflow/.local/lib/python3.12/site-packages (from apache-airflow-providers-google->-r /tmp/requirements.txt (line 10)) (24.1.0)
#8 3.292 Requirement already satisfied: google-analytics-admin>=0.9.0 in /home/airflow/.local/lib/python3.12/site-packages (from apache-airflow-providers-google->-r /tmp/requirements.txt (line 10)) (0.22.8)
#8 3.292 Requirement already satisfied: google-api-core!=2.16.0,!=2.18.0,>=2.11.0 in /home/airflow/.local/lib/python3.12/site-packages (from apache-airflow-providers-google->-r /tmp/requirements.txt (line 10)) (2.19.1)
#8 3.293 Requirement already satisfied: google-api-python-client>=2.0.2 in /home/airflow/.local/lib/python3.12/site-packages (from apache-airflow-providers-google->-r /tmp/requirements.txt (line 10)) (2.137.0)
#8 3.293 Requirement already satisfied: google-auth-httplib2>=0.0.1 in /home/airflow/.local/lib/python3.12/site-packages (from apache-airflow-providers-google->-r /tmp/requirements.txt (line 10)) (0.2.0)
#8 3.294 Requirement already satisfied: google-auth>=2.29.0 in /home/airflow/.local/lib/python3.12/site-packages (from apache-airflow-providers-google->-r /tmp/requirements.txt (line 10)) (2.32.0)
#8 3.294 Requirement already satisfied: google-cloud-aiplatform>=1.57.0 in /home/airflow/.local/lib/python3.12/site-packages (from apache-airflow-providers-google->-r /tmp/requirements.txt (line 10)) (1.59.0)
#8 3.294 Requirement already satisfied: google-cloud-automl>=2.12.0 in /home/airflow/.local/lib/python3.12/site-packages (from apache-airflow-providers-google->-r /tmp/requirements.txt (line 10)) (2.13.4)
#8 3.295 Requirement already satisfied: google-cloud-batch>=0.13.0 in /home/airflow/.local/lib/python3.12/site-packages (from apache-airflow-providers-google->-r /tmp/requirements.txt (line 10)) (0.17.22)
#8 3.295 Requirement already satisfied: google-cloud-bigquery-datatransfer>=3.13.0 in /home/airflow/.local/lib/python3.12/site-packages (from apache-airflow-providers-google->-r /tmp/requirements.txt (line 10)) (3.15.4)
#8 3.296 Requirement already satisfied: google-cloud-bigquery<3.21.0,>=3.4.0 in /home/airflow/.local/lib/python3.12/site-packages (from apache-airflow-providers-google->-r /tmp/requirements.txt (line 10)) (3.20.1)
#8 3.296 Requirement already satisfied: google-cloud-bigtable>=2.17.0 in /home/airflow/.local/lib/python3.12/site-packages (from apache-airflow-providers-google->-r /tmp/requirements.txt (line 10)) (2.24.0)
#8 3.297 Requirement already satisfied: google-cloud-build>=3.22.0 in /home/airflow/.local/lib/python3.12/site-packages (from apache-airflow-providers-google->-r /tmp/requirements.txt (line 10)) (3.24.1)
#8 3.297 Requirement already satisfied: google-cloud-compute>=1.10.0 in /home/airflow/.local/lib/python3.12/site-packages (from apache-airflow-providers-google->-r /tmp/requirements.txt (line 10)) (1.19.1)
#8 3.298 Requirement already satisfied: google-cloud-container>=2.17.4 in /home/airflow/.local/lib/python3.12/site-packages (from apache-airflow-providers-google->-r /tmp/requirements.txt (line 10)) (2.49.0)
#8 3.298 Requirement already satisfied: google-cloud-datacatalog>=3.11.1 in /home/airflow/.local/lib/python3.12/site-packages (from apache-airflow-providers-google->-r /tmp/requirements.txt (line 10)) (3.19.1)
#8 3.299 Requirement already satisfied: google-cloud-dataflow-client>=0.8.6 in /home/airflow/.local/lib/python3.12/site-packages (from apache-airflow-providers-google->-r /tmp/requirements.txt (line 10)) (0.8.11)
#8 3.299 Requirement already satisfied: google-cloud-dataform>=0.5.0 in /home/airflow/.local/lib/python3.12/site-packages (from apache-airflow-providers-google->-r /tmp/requirements.txt (line 10)) (0.5.10)
#8 3.300 Requirement already satisfied: google-cloud-dataplex>=1.10.0 in /home/airflow/.local/lib/python3.12/site-packages (from apache-airflow-providers-google->-r /tmp/requirements.txt (line 10)) (2.2.1)
#8 3.300 Requirement already satisfied: google-cloud-dataproc-metastore>=1.12.0 in /home/airflow/.local/lib/python3.12/site-packages (from apache-airflow-providers-google->-r /tmp/requirements.txt (line 10)) (1.15.4)
#8 3.301 Requirement already satisfied: google-cloud-dataproc>=5.8.0 in /home/airflow/.local/lib/python3.12/site-packages (from apache-airflow-providers-google->-r /tmp/requirements.txt (line 10)) (5.10.1)
#8 3.301 Requirement already satisfied: google-cloud-dlp>=3.12.0 in /home/airflow/.local/lib/python3.12/site-packages (from apache-airflow-providers-google->-r /tmp/requirements.txt (line 10)) (3.18.1)
#8 3.302 Requirement already satisfied: google-cloud-kms>=2.15.0 in /home/airflow/.local/lib/python3.12/site-packages (from apache-airflow-providers-google->-r /tmp/requirements.txt (line 10)) (2.24.1)
#8 3.303 Requirement already satisfied: google-cloud-language>=2.9.0 in /home/airflow/.local/lib/python3.12/site-packages (from apache-airflow-providers-google->-r /tmp/requirements.txt (line 10)) (2.13.4)
#8 3.304 Requirement already satisfied: google-cloud-logging>=3.5.0 in /home/airflow/.local/lib/python3.12/site-packages (from apache-airflow-providers-google->-r /tmp/requirements.txt (line 10)) (3.10.0)
#8 3.304 Requirement already satisfied: google-cloud-memcache>=1.7.0 in /home/airflow/.local/lib/python3.12/site-packages (from apache-airflow-providers-google->-r /tmp/requirements.txt (line 10)) (1.9.4)
#8 3.305 Requirement already satisfied: google-cloud-monitoring>=2.18.0 in /home/airflow/.local/lib/python3.12/site-packages (from apache-airflow-providers-google->-r /tmp/requirements.txt (line 10)) (2.22.1)
#8 3.306 Requirement already satisfied: google-cloud-orchestration-airflow>=1.10.0 in /home/airflow/.local/lib/python3.12/site-packages (from apache-airflow-providers-google->-r /tmp/requirements.txt (line 10)) (1.13.0)
#8 3.306 Requirement already satisfied: google-cloud-os-login>=2.9.1 in /home/airflow/.local/lib/python3.12/site-packages (from apache-airflow-providers-google->-r /tmp/requirements.txt (line 10)) (2.14.5)
#8 3.307 Requirement already satisfied: google-cloud-pubsub>=2.19.0 in /home/airflow/.local/lib/python3.12/site-packages (from apache-airflow-providers-google->-r /tmp/requirements.txt (line 10)) (2.22.0)
#8 3.307 Requirement already satisfied: google-cloud-redis>=2.12.0 in /home/airflow/.local/lib/python3.12/site-packages (from apache-airflow-providers-google->-r /tmp/requirements.txt (line 10)) (2.15.4)
#8 3.308 Requirement already satisfied: google-cloud-run>=0.10.0 in /home/airflow/.local/lib/python3.12/site-packages (from apache-airflow-providers-google->-r /tmp/requirements.txt (line 10)) (0.10.7)
#8 3.309 Requirement already satisfied: google-cloud-secret-manager>=2.16.0 in /home/airflow/.local/lib/python3.12/site-packages (from apache-airflow-providers-google->-r /tmp/requirements.txt (line 10)) (2.20.1)
#8 3.309 Requirement already satisfied: google-cloud-spanner>=3.11.1 in /home/airflow/.local/lib/python3.12/site-packages (from apache-airflow-providers-google->-r /tmp/requirements.txt (line 10)) (3.47.0)
#8 3.310 Requirement already satisfied: google-cloud-speech>=2.18.0 in /home/airflow/.local/lib/python3.12/site-packages (from apache-airflow-providers-google->-r /tmp/requirements.txt (line 10)) (2.26.1)
#8 3.310 Requirement already satisfied: google-cloud-storage-transfer>=1.4.1 in /home/airflow/.local/lib/python3.12/site-packages (from apache-airflow-providers-google->-r /tmp/requirements.txt (line 10)) (1.11.4)
#8 3.311 Requirement already satisfied: google-cloud-storage>=2.7.0 in /home/airflow/.local/lib/python3.12/site-packages (from apache-airflow-providers-google->-r /tmp/requirements.txt (line 10)) (2.17.0)
#8 3.311 Requirement already satisfied: google-cloud-tasks>=2.13.0 in /home/airflow/.local/lib/python3.12/site-packages (from apache-airflow-providers-google->-r /tmp/requirements.txt (line 10)) (2.16.4)
#8 3.312 Requirement already satisfied: google-cloud-texttospeech>=2.14.1 in /home/airflow/.local/lib/python3.12/site-packages (from apache-airflow-providers-google->-r /tmp/requirements.txt (line 10)) (2.16.4)
#8 3.312 Requirement already satisfied: google-cloud-translate>=3.11.0 in /home/airflow/.local/lib/python3.12/site-packages (from apache-airflow-providers-google->-r /tmp/requirements.txt (line 10)) (3.15.4)
#8 3.312 Requirement already satisfied: google-cloud-videointelligence>=2.11.0 in /home/airflow/.local/lib/python3.12/site-packages (from apache-airflow-providers-google->-r /tmp/requirements.txt (line 10)) (2.13.4)
#8 3.313 Requirement already satisfied: google-cloud-vision>=3.4.0 in /home/airflow/.local/lib/python3.12/site-packages (from apache-airflow-providers-google->-r /tmp/requirements.txt (line 10)) (3.7.3)
#8 3.313 Requirement already satisfied: google-cloud-workflows>=1.10.0 in /home/airflow/.local/lib/python3.12/site-packages (from apache-airflow-providers-google->-r /tmp/requirements.txt (line 10)) (1.14.4)
#8 3.314 Requirement already satisfied: grpcio-gcp>=0.2.2 in /home/airflow/.local/lib/python3.12/site-packages (from apache-airflow-providers-google->-r /tmp/requirements.txt (line 10)) (0.2.2)
#8 3.314 Requirement already satisfied: httpx>=0.25.0 in /home/airflow/.local/lib/python3.12/site-packages (from apache-airflow-providers-google->-r /tmp/requirements.txt (line 10)) (0.27.0)
#8 3.315 Requirement already satisfied: json-merge-patch>=0.2 in /home/airflow/.local/lib/python3.12/site-packages (from apache-airflow-providers-google->-r /tmp/requirements.txt (line 10)) (0.2)
#8 3.315 Requirement already satisfied: looker-sdk>=22.4.0 in /home/airflow/.local/lib/python3.12/site-packages (from apache-airflow-providers-google->-r /tmp/requirements.txt (line 10)) (24.10.0)
#8 3.316 Requirement already satisfied: pandas-gbq>=0.7.0 in /home/airflow/.local/lib/python3.12/site-packages (from apache-airflow-providers-google->-r /tmp/requirements.txt (line 10)) (0.23.1)
#8 3.316 Requirement already satisfied: proto-plus>=1.19.6 in /home/airflow/.local/lib/python3.12/site-packages (from apache-airflow-providers-google->-r /tmp/requirements.txt (line 10)) (1.24.0)
#8 3.317 Requirement already satisfied: python-slugify>=7.0.0 in /home/airflow/.local/lib/python3.12/site-packages (from apache-airflow-providers-google->-r /tmp/requirements.txt (line 10)) (8.0.4)
#8 3.317 Requirement already satisfied: sqlalchemy-bigquery>=1.2.1 in /home/airflow/.local/lib/python3.12/site-packages (from apache-airflow-providers-google->-r /tmp/requirements.txt (line 10)) (1.11.0)
#8 3.318 Requirement already satisfied: sqlalchemy-spanner>=1.6.2 in /home/airflow/.local/lib/python3.12/site-packages (from apache-airflow-providers-google->-r /tmp/requirements.txt (line 10)) (1.7.0)
#8 3.318 Requirement already satisfied: tenacity>=8.1.0 in /home/airflow/.local/lib/python3.12/site-packages (from apache-airflow-providers-google->-r /tmp/requirements.txt (line 10)) (8.5.0)
#8 3.321 Requirement already satisfied: aiohttp>=3.9.2 in /home/airflow/.local/lib/python3.12/site-packages (from apache-airflow-providers-http->-r /tmp/requirements.txt (line 11)) (3.9.5)
#8 3.322 Requirement already satisfied: requests_toolbelt in /home/airflow/.local/lib/python3.12/site-packages (from apache-airflow-providers-http->-r /tmp/requirements.txt (line 11)) (1.0.0)
#8 3.325 Requirement already satisfied: aiosignal>=1.1.2 in /home/airflow/.local/lib/python3.12/site-packages (from aiohttp>=3.9.2->apache-airflow-providers-http->-r /tmp/requirements.txt (line 11)) (1.3.1)
#8 3.326 Requirement already satisfied: attrs>=17.3.0 in /home/airflow/.local/lib/python3.12/site-packages (from aiohttp>=3.9.2->apache-airflow-providers-http->-r /tmp/requirements.txt (line 11)) (23.2.0)
#8 3.326 Requirement already satisfied: frozenlist>=1.1.1 in /home/airflow/.local/lib/python3.12/site-packages (from aiohttp>=3.9.2->apache-airflow-providers-http->-r /tmp/requirements.txt (line 11)) (1.4.1)
#8 3.327 Requirement already satisfied: multidict<7.0,>=4.5 in /home/airflow/.local/lib/python3.12/site-packages (from aiohttp>=3.9.2->apache-airflow-providers-http->-r /tmp/requirements.txt (line 11)) (6.0.5)
#8 3.328 Requirement already satisfied: yarl<2.0,>=1.0 in /home/airflow/.local/lib/python3.12/site-packages (from aiohttp>=3.9.2->apache-airflow-providers-http->-r /tmp/requirements.txt (line 11)) (1.9.4)
#8 3.361 Requirement already satisfied: alembic<2.0,>=1.13.1 in /home/airflow/.local/lib/python3.12/site-packages (from apache-airflow>=2.7.0->apache-airflow-providers-google->-r /tmp/requirements.txt (line 10)) (1.13.2)
#8 3.362 Requirement already satisfied: argcomplete>=1.10 in /home/airflow/.local/lib/python3.12/site-packages (from apache-airflow>=2.7.0->apache-airflow-providers-google->-r /tmp/requirements.txt (line 10)) (3.4.0)
#8 3.363 Requirement already satisfied: blinker>=1.6.2 in /home/airflow/.local/lib/python3.12/site-packages (from apache-airflow>=2.7.0->apache-airflow-providers-google->-r /tmp/requirements.txt (line 10)) (1.8.2)
#8 3.364 Requirement already satisfied: colorlog<5.0,>=4.0.2 in /home/airflow/.local/lib/python3.12/site-packages (from apache-airflow>=2.7.0->apache-airflow-providers-google->-r /tmp/requirements.txt (line 10)) (4.8.0)
#8 3.365 Requirement already satisfied: configupdater>=3.1.1 in /home/airflow/.local/lib/python3.12/site-packages (from apache-airflow>=2.7.0->apache-airflow-providers-google->-r /tmp/requirements.txt (line 10)) (3.2)
#8 3.366 Requirement already satisfied: connexion<3.0,>=2.10.0 in /home/airflow/.local/lib/python3.12/site-packages (from connexion[flask]<3.0,>=2.10.0->apache-airflow>=2.7.0->apache-airflow-providers-google->-r /tmp/requirements.txt (line 10)) (2.14.2)
#8 3.368 Requirement already satisfied: cron-descriptor>=1.2.24 in /home/airflow/.local/lib/python3.12/site-packages (from apache-airflow>=2.7.0->apache-airflow-providers-google->-r /tmp/requirements.txt (line 10)) (1.4.3)
#8 3.370 Requirement already satisfied: croniter>=2.0.2 in /home/airflow/.local/lib/python3.12/site-packages (from apache-airflow>=2.7.0->apache-airflow-providers-google->-r /tmp/requirements.txt (line 10)) (2.0.5)
#8 3.370 Requirement already satisfied: cryptography>=39.0.0 in /home/airflow/.local/lib/python3.12/site-packages (from apache-airflow>=2.7.0->apache-airflow-providers-google->-r /tmp/requirements.txt (line 10)) (41.0.7)
#8 3.371 Requirement already satisfied: deprecated>=1.2.13 in /home/airflow/.local/lib/python3.12/site-packages (from apache-airflow>=2.7.0->apache-airflow-providers-google->-r /tmp/requirements.txt (line 10)) (1.2.14)
#8 3.372 Requirement already satisfied: flask-caching>=1.5.0 in /home/airflow/.local/lib/python3.12/site-packages (from apache-airflow>=2.7.0->apache-airflow-providers-google->-r /tmp/requirements.txt (line 10)) (2.3.0)
#8 3.373 Requirement already satisfied: flask-session<0.6,>=0.4.0 in /home/airflow/.local/lib/python3.12/site-packages (from apache-airflow>=2.7.0->apache-airflow-providers-google->-r /tmp/requirements.txt (line 10)) (0.5.0)
#8 3.374 Requirement already satisfied: flask-wtf>=0.15 in /home/airflow/.local/lib/python3.12/site-packages (from apache-airflow>=2.7.0->apache-airflow-providers-google->-r /tmp/requirements.txt (line 10)) (1.2.1)
#8 3.374 Requirement already satisfied: flask<2.3,>=2.2 in /home/airflow/.local/lib/python3.12/site-packages (from apache-airflow>=2.7.0->apache-airflow-providers-google->-r /tmp/requirements.txt (line 10)) (2.2.5)
#8 3.375 Requirement already satisfied: fsspec>=2023.10.0 in /home/airflow/.local/lib/python3.12/site-packages (from apache-airflow>=2.7.0->apache-airflow-providers-google->-r /tmp/requirements.txt (line 10)) (2023.12.2)
#8 3.376 Requirement already satisfied: google-re2>=1.0 in /home/airflow/.local/lib/python3.12/site-packages (from apache-airflow>=2.7.0->apache-airflow-providers-google->-r /tmp/requirements.txt (line 10)) (1.1.20240702)
#8 3.377 Requirement already satisfied: gunicorn>=20.1.0 in /home/airflow/.local/lib/python3.12/site-packages (from apache-airflow>=2.7.0->apache-airflow-providers-google->-r /tmp/requirements.txt (line 10)) (22.0.0)
#8 3.378 Requirement already satisfied: itsdangerous>=2.0 in /home/airflow/.local/lib/python3.12/site-packages (from apache-airflow>=2.7.0->apache-airflow-providers-google->-r /tmp/requirements.txt (line 10)) (2.2.0)
#8 3.378 Requirement already satisfied: jinja2>=3.0.0 in /home/airflow/.local/lib/python3.12/site-packages (from apache-airflow>=2.7.0->apache-airflow-providers-google->-r /tmp/requirements.txt (line 10)) (3.1.4)
#8 3.380 Requirement already satisfied: jsonschema>=4.18.0 in /home/airflow/.local/lib/python3.12/site-packages (from apache-airflow>=2.7.0->apache-airflow-providers-google->-r /tmp/requirements.txt (line 10)) (4.23.0)
#8 3.381 Requirement already satisfied: lazy-object-proxy in /home/airflow/.local/lib/python3.12/site-packages (from apache-airflow>=2.7.0->apache-airflow-providers-google->-r /tmp/requirements.txt (line 10)) (1.10.0)
#8 3.382 Requirement already satisfied: linkify-it-py>=2.0.0 in /home/airflow/.local/lib/python3.12/site-packages (from apache-airflow>=2.7.0->apache-airflow-providers-google->-r /tmp/requirements.txt (line 10)) (2.0.3)
#8 3.384 Requirement already satisfied: lockfile>=0.12.2 in /home/airflow/.local/lib/python3.12/site-packages (from apache-airflow>=2.7.0->apache-airflow-providers-google->-r /tmp/requirements.txt (line 10)) (0.12.2)
#8 3.388 Requirement already satisfied: markdown-it-py>=2.1.0 in /home/airflow/.local/lib/python3.12/site-packages (from apache-airflow>=2.7.0->apache-airflow-providers-google->-r /tmp/requirements.txt (line 10)) (3.0.0)
#8 3.390 Requirement already satisfied: markupsafe>=1.1.1 in /home/airflow/.local/lib/python3.12/site-packages (from apache-airflow>=2.7.0->apache-airflow-providers-google->-r /tmp/requirements.txt (line 10)) (2.1.5)
#8 3.391 Requirement already satisfied: marshmallow-oneofschema>=2.0.1 in /home/airflow/.local/lib/python3.12/site-packages (from apache-airflow>=2.7.0->apache-airflow-providers-google->-r /tmp/requirements.txt (line 10)) (3.1.1)
#8 3.392 Requirement already satisfied: mdit-py-plugins>=0.3.0 in /home/airflow/.local/lib/python3.12/site-packages (from apache-airflow>=2.7.0->apache-airflow-providers-google->-r /tmp/requirements.txt (line 10)) (0.4.1)
#8 3.393 Requirement already satisfied: methodtools>=0.4.7 in /home/airflow/.local/lib/python3.12/site-packages (from apache-airflow>=2.7.0->apache-airflow-providers-google->-r /tmp/requirements.txt (line 10)) (0.4.7)
#8 3.394 Requirement already satisfied: opentelemetry-api>=1.15.0 in /home/airflow/.local/lib/python3.12/site-packages (from apache-airflow>=2.7.0->apache-airflow-providers-google->-r /tmp/requirements.txt (line 10)) (1.25.0)
#8 3.394 Requirement already satisfied: opentelemetry-exporter-otlp in /home/airflow/.local/lib/python3.12/site-packages (from apache-airflow>=2.7.0->apache-airflow-providers-google->-r /tmp/requirements.txt (line 10)) (1.25.0)
#8 3.395 Requirement already satisfied: pathspec>=0.9.0 in /home/airflow/.local/lib/python3.12/site-packages (from apache-airflow>=2.7.0->apache-airflow-providers-google->-r /tmp/requirements.txt (line 10)) (0.12.1)
#8 3.396 Requirement already satisfied: pendulum<4.0,>=2.1.2 in /home/airflow/.local/lib/python3.12/site-packages (from apache-airflow>=2.7.0->apache-airflow-providers-google->-r /tmp/requirements.txt (line 10)) (3.0.0)
#8 3.396 Requirement already satisfied: psutil>=4.2.0 in /home/airflow/.local/lib/python3.12/site-packages (from apache-airflow>=2.7.0->apache-airflow-providers-google->-r /tmp/requirements.txt (line 10)) (6.0.0)
#8 3.397 Requirement already satisfied: pygments>=2.0.1 in /home/airflow/.local/lib/python3.12/site-packages (from apache-airflow>=2.7.0->apache-airflow-providers-google->-r /tmp/requirements.txt (line 10)) (2.18.0)
#8 3.397 Requirement already satisfied: pyjwt>=2.0.0 in /home/airflow/.local/lib/python3.12/site-packages (from apache-airflow>=2.7.0->apache-airflow-providers-google->-r /tmp/requirements.txt (line 10)) (2.8.0)
#8 3.398 Requirement already satisfied: python-daemon>=3.0.0 in /home/airflow/.local/lib/python3.12/site-packages (from apache-airflow>=2.7.0->apache-airflow-providers-google->-r /tmp/requirements.txt (line 10)) (3.0.1)
#8 3.401 Requirement already satisfied: python-nvd3>=0.15.0 in /home/airflow/.local/lib/python3.12/site-packages (from apache-airflow>=2.7.0->apache-airflow-providers-google->-r /tmp/requirements.txt (line 10)) (0.16.0)
#8 3.405 Requirement already satisfied: rfc3339-validator>=0.1.4 in /home/airflow/.local/lib/python3.12/site-packages (from apache-airflow>=2.7.0->apache-airflow-providers-google->-r /tmp/requirements.txt (line 10)) (0.1.4)
#8 3.406 Requirement already satisfied: rich-argparse>=1.0.0 in /home/airflow/.local/lib/python3.12/site-packages (from apache-airflow>=2.7.0->apache-airflow-providers-google->-r /tmp/requirements.txt (line 10)) (1.5.2)
#8 3.407 Requirement already satisfied: rich>=12.4.4 in /home/airflow/.local/lib/python3.12/site-packages (from apache-airflow>=2.7.0->apache-airflow-providers-google->-r /tmp/requirements.txt (line 10)) (13.7.1)
#8 3.408 Requirement already satisfied: setproctitle>=1.1.8 in /home/airflow/.local/lib/python3.12/site-packages (from apache-airflow>=2.7.0->apache-airflow-providers-google->-r /tmp/requirements.txt (line 10)) (1.3.3)
#8 3.409 Requirement already satisfied: sqlalchemy<2.0,>=1.4.36 in /home/airflow/.local/lib/python3.12/site-packages (from apache-airflow>=2.7.0->apache-airflow-providers-google->-r /tmp/requirements.txt (line 10)) (1.4.52)
#8 3.410 Requirement already satisfied: sqlalchemy-jsonfield>=1.0 in /home/airflow/.local/lib/python3.12/site-packages (from apache-airflow>=2.7.0->apache-airflow-providers-google->-r /tmp/requirements.txt (line 10)) (1.0.2)
#8 3.410 Requirement already satisfied: tabulate>=0.7.5 in /home/airflow/.local/lib/python3.12/site-packages (from apache-airflow>=2.7.0->apache-airflow-providers-google->-r /tmp/requirements.txt (line 10)) (0.9.0)
#8 3.411 Requirement already satisfied: termcolor>=1.1.0 in /home/airflow/.local/lib/python3.12/site-packages (from apache-airflow>=2.7.0->apache-airflow-providers-google->-r /tmp/requirements.txt (line 10)) (2.4.0)
#8 3.411 Requirement already satisfied: unicodecsv>=0.14.1 in /home/airflow/.local/lib/python3.12/site-packages (from apache-airflow>=2.7.0->apache-airflow-providers-google->-r /tmp/requirements.txt (line 10)) (0.14.1)
#8 3.412 Requirement already satisfied: universal-pathlib>=0.2.2 in /home/airflow/.local/lib/python3.12/site-packages (from apache-airflow>=2.7.0->apache-airflow-providers-google->-r /tmp/requirements.txt (line 10)) (0.2.2)
#8 3.413 Requirement already satisfied: werkzeug<3,>=2.0 in /home/airflow/.local/lib/python3.12/site-packages (from apache-airflow>=2.7.0->apache-airflow-providers-google->-r /tmp/requirements.txt (line 10)) (2.2.3)
#8 3.413 Requirement already satisfied: apache-airflow-providers-common-io in /home/airflow/.local/lib/python3.12/site-packages (from apache-airflow>=2.7.0->apache-airflow-providers-google->-r /tmp/requirements.txt (line 10)) (1.3.2)
#8 3.415 Requirement already satisfied: apache-airflow-providers-fab>=1.0.2 in /home/airflow/.local/lib/python3.12/site-packages (from apache-airflow>=2.7.0->apache-airflow-providers-google->-r /tmp/requirements.txt (line 10)) (1.2.2)
#8 3.416 Requirement already satisfied: apache-airflow-providers-ftp in /home/airflow/.local/lib/python3.12/site-packages (from apache-airflow>=2.7.0->apache-airflow-providers-google->-r /tmp/requirements.txt (line 10)) (3.10.0)
#8 3.416 Requirement already satisfied: apache-airflow-providers-imap in /home/airflow/.local/lib/python3.12/site-packages (from apache-airflow>=2.7.0->apache-airflow-providers-google->-r /tmp/requirements.txt (line 10)) (3.6.1)
#8 3.417 Requirement already satisfied: apache-airflow-providers-smtp in /home/airflow/.local/lib/python3.12/site-packages (from apache-airflow>=2.7.0->apache-airflow-providers-google->-r /tmp/requirements.txt (line 10)) (1.7.1)
#8 3.417 Requirement already satisfied: apache-airflow-providers-sqlite in /home/airflow/.local/lib/python3.12/site-packages (from apache-airflow>=2.7.0->apache-airflow-providers-google->-r /tmp/requirements.txt (line 10)) (3.8.1)
#8 3.425 Requirement already satisfied: more-itertools>=9.0.0 in /home/airflow/.local/lib/python3.12/site-packages (from apache-airflow-providers-common-sql>=1.7.2->apache-airflow-providers-google->-r /tmp/requirements.txt (line 10)) (10.3.0)
#8 3.425 Requirement already satisfied: sqlparse>=0.4.2 in /home/airflow/.local/lib/python3.12/site-packages (from apache-airflow-providers-common-sql>=1.7.2->apache-airflow-providers-google->-r /tmp/requirements.txt (line 10)) (0.5.0)
#8 3.441 Requirement already satisfied: backoff<3.0.0,>=1.0.0 in /home/airflow/.local/lib/python3.12/site-packages (from gcloud-aio-auth<5.0.0,>=4.0.0->apache-airflow-providers-google->-r /tmp/requirements.txt (line 10)) (2.2.1)
#8 3.441 Requirement already satisfied: chardet<6.0,>=2.0 in /home/airflow/.local/lib/python3.12/site-packages (from gcloud-aio-auth<5.0.0,>=4.0.0->apache-airflow-providers-google->-r /tmp/requirements.txt (line 10)) (5.2.0)
#8 3.443 Requirement already satisfied: setuptools<67.0.0,>=66.0.0 in /home/airflow/.local/lib/python3.12/site-packages (from gcloud-aio-auth<5.0.0,>=4.0.0->apache-airflow-providers-google->-r /tmp/requirements.txt (line 10)) (66.1.1)
#8 3.449 Requirement already satisfied: aiofiles<24.0.0,>=0.6.0 in /home/airflow/.local/lib/python3.12/site-packages (from gcloud-aio-storage>=9.0.0->apache-airflow-providers-google->-r /tmp/requirements.txt (line 10)) (23.2.1)
#8 3.450 Requirement already satisfied: pyasn1-modules<0.4.0,>=0.2.1 in /home/airflow/.local/lib/python3.12/site-packages (from gcloud-aio-storage>=9.0.0->apache-airflow-providers-google->-r /tmp/requirements.txt (line 10)) (0.3.0)
#8 3.451 Requirement already satisfied: rsa<5.0.0,>=3.1.4 in /home/airflow/.local/lib/python3.12/site-packages (from gcloud-aio-storage>=9.0.0->apache-airflow-providers-google->-r /tmp/requirements.txt (line 10)) (4.9)
#8 3.456 Requirement already satisfied: decorator>4.1.2 in /home/airflow/.local/lib/python3.12/site-packages (from gcsfs>=2023.10.0->apache-airflow-providers-google->-r /tmp/requirements.txt (line 10)) (5.1.1)
#8 3.456 Requirement already satisfied: google-auth-oauthlib in /home/airflow/.local/lib/python3.12/site-packages (from gcsfs>=2023.10.0->apache-airflow-providers-google->-r /tmp/requirements.txt (line 10)) (1.2.1)
#8 3.467 Requirement already satisfied: googleapis-common-protos<2.0.0,>=1.56.3 in /home/airflow/.local/lib/python3.12/site-packages (from google-ads>=24.1.0->apache-airflow-providers-google->-r /tmp/requirements.txt (line 10)) (1.63.2)
#8 3.467 Requirement already satisfied: grpcio<2.0.0,>=1.59.0 in /home/airflow/.local/lib/python3.12/site-packages (from google-ads>=24.1.0->apache-airflow-providers-google->-r /tmp/requirements.txt (line 10)) (1.64.1)
#8 3.468 Requirement already satisfied: grpcio-status<2.0.0,>=1.59.0 in /home/airflow/.local/lib/python3.12/site-packages (from google-ads>=24.1.0->apache-airflow-providers-google->-r /tmp/requirements.txt (line 10)) (1.62.2)
#8 3.469 Requirement already satisfied: PyYAML<7.0,>=5.1 in /home/airflow/.local/lib/python3.12/site-packages (from google-ads>=24.1.0->apache-airflow-providers-google->-r /tmp/requirements.txt (line 10)) (6.0.1)
#8 3.470 Requirement already satisfied: protobuf<5.0.0,>=4.25.0 in /home/airflow/.local/lib/python3.12/site-packages (from google-ads>=24.1.0->apache-airflow-providers-google->-r /tmp/requirements.txt (line 10)) (4.25.3)
#8 3.486 Requirement already satisfied: httplib2<1.dev0,>=0.19.0 in /home/airflow/.local/lib/python3.12/site-packages (from google-api-python-client>=2.0.2->apache-airflow-providers-google->-r /tmp/requirements.txt (line 10)) (0.22.0)
#8 3.488 Requirement already satisfied: uritemplate<5,>=3.0.1 in /home/airflow/.local/lib/python3.12/site-packages (from google-api-python-client>=2.0.2->apache-airflow-providers-google->-r /tmp/requirements.txt (line 10)) (4.1.1)
#8 3.495 Requirement already satisfied: cachetools<6.0,>=2.0.0 in /home/airflow/.local/lib/python3.12/site-packages (from google-auth>=2.29.0->apache-airflow-providers-google->-r /tmp/requirements.txt (line 10)) (5.3.3)
#8 3.525 Requirement already satisfied: google-cloud-resource-manager<3.0.0dev,>=1.3.3 in /home/airflow/.local/lib/python3.12/site-packages (from google-cloud-aiplatform>=1.57.0->apache-airflow-providers-google->-r /tmp/requirements.txt (line 10)) (1.12.4)
#8 3.526 Requirement already satisfied: shapely<3.0.0dev in /home/airflow/.local/lib/python3.12/site-packages (from google-cloud-aiplatform>=1.57.0->apache-airflow-providers-google->-r /tmp/requirements.txt (line 10)) (2.0.4)
#8 3.526 Requirement already satisfied: docstring-parser<1 in /home/airflow/.local/lib/python3.12/site-packages (from google-cloud-aiplatform>=1.57.0->apache-airflow-providers-google->-r /tmp/requirements.txt (line 10)) (0.16)
#8 3.549 Requirement already satisfied: google-cloud-core<3.0.0dev,>=1.6.0 in /home/airflow/.local/lib/python3.12/site-packages (from google-cloud-bigquery<3.21.0,>=3.4.0->apache-airflow-providers-google->-r /tmp/requirements.txt (line 10)) (2.4.1)
#8 3.549 Requirement already satisfied: google-resumable-media<3.0dev,>=0.6.0 in /home/airflow/.local/lib/python3.12/site-packages (from google-cloud-bigquery<3.21.0,>=3.4.0->apache-airflow-providers-google->-r /tmp/requirements.txt (line 10)) (2.7.1)
#8 3.563 Requirement already satisfied: grpc-google-iam-v1<1.0.0dev,>=0.12.4 in /home/airflow/.local/lib/python3.12/site-packages (from google-cloud-bigtable>=2.17.0->apache-airflow-providers-google->-r /tmp/requirements.txt (line 10)) (0.13.1)
#8 3.669 Requirement already satisfied: google-cloud-appengine-logging<2.0.0dev,>=0.1.0 in /home/airflow/.local/lib/python3.12/site-packages (from google-cloud-logging>=3.5.0->apache-airflow-providers-google->-r /tmp/requirements.txt (line 10)) (1.4.4)
#8 3.670 Requirement already satisfied: google-cloud-audit-log<1.0.0dev,>=0.1.0 in /home/airflow/.local/lib/python3.12/site-packages (from google-cloud-logging>=3.5.0->apache-airflow-providers-google->-r /tmp/requirements.txt (line 10)) (0.2.5)
#8 3.794 Requirement already satisfied: grpc-interceptor>=0.15.4 in /home/airflow/.local/lib/python3.12/site-packages (from google-cloud-spanner>=3.11.1->apache-airflow-providers-google->-r /tmp/requirements.txt (line 10)) (0.15.4)
#8 3.815 Requirement already satisfied: google-crc32c<2.0dev,>=1.0 in /home/airflow/.local/lib/python3.12/site-packages (from google-cloud-storage>=2.7.0->apache-airflow-providers-google->-r /tmp/requirements.txt (line 10)) (1.5.0)
#8 3.910 Requirement already satisfied: anyio in /home/airflow/.local/lib/python3.12/site-packages (from httpx>=0.25.0->apache-airflow-providers-google->-r /tmp/requirements.txt (line 10)) (4.4.0)
#8 3.911 Requirement already satisfied: httpcore==1.* in /home/airflow/.local/lib/python3.12/site-packages (from httpx>=0.25.0->apache-airflow-providers-google->-r /tmp/requirements.txt (line 10)) (1.0.5)
#8 3.911 Requirement already satisfied: sniffio in /home/airflow/.local/lib/python3.12/site-packages (from httpx>=0.25.0->apache-airflow-providers-google->-r /tmp/requirements.txt (line 10)) (1.3.1)
#8 3.918 Requirement already satisfied: h11<0.15,>=0.13 in /home/airflow/.local/lib/python3.12/site-packages (from httpcore==1.*->httpx>=0.25.0->apache-airflow-providers-google->-r /tmp/requirements.txt (line 10)) (0.14.0)
#8 3.934 Requirement already satisfied: cattrs>=1.3 in /home/airflow/.local/lib/python3.12/site-packages (from looker-sdk>=22.4.0->apache-airflow-providers-google->-r /tmp/requirements.txt (line 10)) (23.2.3)
#8 3.951 Requirement already satisfied: db-dtypes<2.0.0,>=1.0.4 in /home/airflow/.local/lib/python3.12/site-packages (from pandas-gbq>=0.7.0->apache-airflow-providers-google->-r /tmp/requirements.txt (line 10)) (1.2.0)
#8 3.953 Requirement already satisfied: pyarrow>=3.0.0 in /home/airflow/.local/lib/python3.12/site-packages (from pandas-gbq>=0.7.0->apache-airflow-providers-google->-r /tmp/requirements.txt (line 10)) (16.1.0)
#8 3.954 Requirement already satisfied: pydata-google-auth>=1.5.0 in /home/airflow/.local/lib/python3.12/site-packages (from pandas-gbq>=0.7.0->apache-airflow-providers-google->-r /tmp/requirements.txt (line 10)) (1.8.2)
#8 3.980 Requirement already satisfied: six>=1.5 in /home/airflow/.local/lib/python3.12/site-packages (from python-dateutil>=2.8.2->pandas==2.1.4->-r /tmp/requirements.txt (line 1)) (1.16.0)
#8 3.987 Requirement already satisfied: text-unidecode>=1.3 in /home/airflow/.local/lib/python3.12/site-packages (from python-slugify>=7.0.0->apache-airflow-providers-google->-r /tmp/requirements.txt (line 10)) (1.3)
#8 4.045 Requirement already satisfied: Mako in /home/airflow/.local/lib/python3.12/site-packages (from alembic<2.0,>=1.13.1->apache-airflow>=2.7.0->apache-airflow-providers-google->-r /tmp/requirements.txt (line 10)) (1.3.5)
#8 4.052 Requirement already satisfied: flask-appbuilder==4.5.0 in /home/airflow/.local/lib/python3.12/site-packages (from apache-airflow-providers-fab>=1.0.2->apache-airflow>=2.7.0->apache-airflow-providers-google->-r /tmp/requirements.txt (line 10)) (4.5.0)
#8 4.053 Requirement already satisfied: flask-login>=0.6.2 in /home/airflow/.local/lib/python3.12/site-packages (from apache-airflow-providers-fab>=1.0.2->apache-airflow>=2.7.0->apache-airflow-providers-google->-r /tmp/requirements.txt (line 10)) (0.6.3)
#8 4.054 Requirement already satisfied: jmespath>=0.7.0 in /home/airflow/.local/lib/python3.12/site-packages (from apache-airflow-providers-fab>=1.0.2->apache-airflow>=2.7.0->apache-airflow-providers-google->-r /tmp/requirements.txt (line 10)) (0.10.0)
#8 4.063 Requirement already satisfied: apispec<7,>=6.0.0 in /home/airflow/.local/lib/python3.12/site-packages (from apispec[yaml]<7,>=6.0.0->flask-appbuilder==4.5.0->apache-airflow-providers-fab>=1.0.2->apache-airflow>=2.7.0->apache-airflow-providers-google->-r /tmp/requirements.txt (line 10)) (6.6.1)
#8 4.063 Requirement already satisfied: colorama<1,>=0.3.9 in /home/airflow/.local/lib/python3.12/site-packages (from flask-appbuilder==4.5.0->apache-airflow-providers-fab>=1.0.2->apache-airflow>=2.7.0->apache-airflow-providers-google->-r /tmp/requirements.txt (line 10)) (0.4.6)
#8 4.064 Requirement already satisfied: click<9,>=8 in /home/airflow/.local/lib/python3.12/site-packages (from flask-appbuilder==4.5.0->apache-airflow-providers-fab>=1.0.2->apache-airflow>=2.7.0->apache-airflow-providers-google->-r /tmp/requirements.txt (line 10)) (8.1.7)
#8 4.065 Requirement already satisfied: email-validator>=1.0.5 in /home/airflow/.local/lib/python3.12/site-packages (from flask-appbuilder==4.5.0->apache-airflow-providers-fab>=1.0.2->apache-airflow>=2.7.0->apache-airflow-providers-google->-r /tmp/requirements.txt (line 10)) (2.2.0)
#8 4.065 Requirement already satisfied: Flask-Babel<3,>=1 in /home/airflow/.local/lib/python3.12/site-packages (from flask-appbuilder==4.5.0->apache-airflow-providers-fab>=1.0.2->apache-airflow>=2.7.0->apache-airflow-providers-google->-r /tmp/requirements.txt (line 10)) (2.0.0)
#8 4.066 Requirement already satisfied: Flask-Limiter<4,>3 in /home/airflow/.local/lib/python3.12/site-packages (from flask-appbuilder==4.5.0->apache-airflow-providers-fab>=1.0.2->apache-airflow>=2.7.0->apache-airflow-providers-google->-r /tmp/requirements.txt (line 10)) (3.7.0)
#8 4.068 Requirement already satisfied: Flask-SQLAlchemy<3,>=2.4 in /home/airflow/.local/lib/python3.12/site-packages (from flask-appbuilder==4.5.0->apache-airflow-providers-fab>=1.0.2->apache-airflow>=2.7.0->apache-airflow-providers-google->-r /tmp/requirements.txt (line 10)) (2.5.1)
#8 4.069 Requirement already satisfied: Flask-JWT-Extended<5.0.0,>=4.0.0 in /home/airflow/.local/lib/python3.12/site-packages (from flask-appbuilder==4.5.0->apache-airflow-providers-fab>=1.0.2->apache-airflow>=2.7.0->apache-airflow-providers-google->-r /tmp/requirements.txt (line 10)) (4.6.0)
#8 4.070 Requirement already satisfied: marshmallow<4,>=3.18.0 in /home/airflow/.local/lib/python3.12/site-packages (from flask-appbuilder==4.5.0->apache-airflow-providers-fab>=1.0.2->apache-airflow>=2.7.0->apache-airflow-providers-google->-r /tmp/requirements.txt (line 10)) (3.21.3)
#8 4.072 Requirement already satisfied: marshmallow-sqlalchemy<0.29.0,>=0.22.0 in /home/airflow/.local/lib/python3.12/site-packages (from flask-appbuilder==4.5.0->apache-airflow-providers-fab>=1.0.2->apache-airflow>=2.7.0->apache-airflow-providers-google->-r /tmp/requirements.txt (line 10)) (0.28.2)
#8 4.075 Requirement already satisfied: prison<1.0.0,>=0.2.1 in /home/airflow/.local/lib/python3.12/site-packages (from flask-appbuilder==4.5.0->apache-airflow-providers-fab>=1.0.2->apache-airflow>=2.7.0->apache-airflow-providers-google->-r /tmp/requirements.txt (line 10)) (0.2.1)
#8 4.076 Requirement already satisfied: sqlalchemy-utils<1,>=0.32.21 in /home/airflow/.local/lib/python3.12/site-packages (from flask-appbuilder==4.5.0->apache-airflow-providers-fab>=1.0.2->apache-airflow>=2.7.0->apache-airflow-providers-google->-r /tmp/requirements.txt (line 10)) (0.41.2)
#8 4.076 Requirement already satisfied: WTForms<4 in /home/airflow/.local/lib/python3.12/site-packages (from flask-appbuilder==4.5.0->apache-airflow-providers-fab>=1.0.2->apache-airflow>=2.7.0->apache-airflow-providers-google->-r /tmp/requirements.txt (line 10)) (3.1.2)
#8 4.137 Requirement already satisfied: clickclick<21,>=1.2 in /home/airflow/.local/lib/python3.12/site-packages (from connexion<3.0,>=2.10.0->connexion[flask]<3.0,>=2.10.0->apache-airflow>=2.7.0->apache-airflow-providers-google->-r /tmp/requirements.txt (line 10)) (20.10.2)
#8 4.138 Requirement already satisfied: inflection<0.6,>=0.3.1 in /home/airflow/.local/lib/python3.12/site-packages (from connexion<3.0,>=2.10.0->connexion[flask]<3.0,>=2.10.0->apache-airflow>=2.7.0->apache-airflow-providers-google->-r /tmp/requirements.txt (line 10)) (0.5.1)
#8 4.162 Requirement already satisfied: cffi>=1.12 in /home/airflow/.local/lib/python3.12/site-packages (from cryptography>=39.0.0->apache-airflow>=2.7.0->apache-airflow-providers-google->-r /tmp/requirements.txt (line 10)) (1.16.0)
#8 4.183 Requirement already satisfied: wrapt<2,>=1.10 in /home/airflow/.local/lib/python3.12/site-packages (from deprecated>=1.2.13->apache-airflow>=2.7.0->apache-airflow-providers-google->-r /tmp/requirements.txt (line 10)) (1.16.0)
#8 4.205 Requirement already satisfied: cachelib<0.10.0,>=0.9.0 in /home/airflow/.local/lib/python3.12/site-packages (from flask-caching>=1.5.0->apache-airflow>=2.7.0->apache-airflow-providers-google->-r /tmp/requirements.txt (line 10)) (0.9.0)
#8 4.262 Requirement already satisfied: requests-oauthlib>=0.7.0 in /home/airflow/.local/lib/python3.12/site-packages (from google-auth-oauthlib->gcsfs>=2023.10.0->apache-airflow-providers-google->-r /tmp/requirements.txt (line 10)) (1.3.1)
#8 4.362 Requirement already satisfied: pyparsing!=3.0.0,!=3.0.1,!=3.0.2,!=3.0.3,<4,>=2.4.2 in /home/airflow/.local/lib/python3.12/site-packages (from httplib2<1.dev0,>=0.19.0->google-api-python-client>=2.0.2->apache-airflow-providers-google->-r /tmp/requirements.txt (line 10)) (3.1.2)
#8 4.384 Requirement already satisfied: jsonschema-specifications>=2023.03.6 in /home/airflow/.local/lib/python3.12/site-packages (from jsonschema>=4.18.0->apache-airflow>=2.7.0->apache-airflow-providers-google->-r /tmp/requirements.txt (line 10)) (2023.12.1)
#8 4.384 Requirement already satisfied: referencing>=0.28.4 in /home/airflow/.local/lib/python3.12/site-packages (from jsonschema>=4.18.0->apache-airflow>=2.7.0->apache-airflow-providers-google->-r /tmp/requirements.txt (line 10)) (0.35.1)
#8 4.385 Requirement already satisfied: rpds-py>=0.7.1 in /home/airflow/.local/lib/python3.12/site-packages (from jsonschema>=4.18.0->apache-airflow>=2.7.0->apache-airflow-providers-google->-r /tmp/requirements.txt (line 10)) (0.19.0)
#8 4.394 Requirement already satisfied: uc-micro-py in /home/airflow/.local/lib/python3.12/site-packages (from linkify-it-py>=2.0.0->apache-airflow>=2.7.0->apache-airflow-providers-google->-r /tmp/requirements.txt (line 10)) (1.0.3)
#8 4.409 Requirement already satisfied: mdurl~=0.1 in /home/airflow/.local/lib/python3.12/site-packages (from markdown-it-py>=2.1.0->apache-airflow>=2.7.0->apache-airflow-providers-google->-r /tmp/requirements.txt (line 10)) (0.1.2)
#8 4.435 Requirement already satisfied: wirerope>=0.4.7 in /home/airflow/.local/lib/python3.12/site-packages (from methodtools>=0.4.7->apache-airflow>=2.7.0->apache-airflow-providers-google->-r /tmp/requirements.txt (line 10)) (0.4.7)
#8 4.452 Requirement already satisfied: importlib-metadata<=7.1,>=6.0 in /home/airflow/.local/lib/python3.12/site-packages (from opentelemetry-api>=1.15.0->apache-airflow>=2.7.0->apache-airflow-providers-google->-r /tmp/requirements.txt (line 10)) (6.11.0)
#8 4.465 Requirement already satisfied: time-machine>=2.6.0 in /home/airflow/.local/lib/python3.12/site-packages (from pendulum<4.0,>=2.1.2->apache-airflow>=2.7.0->apache-airflow-providers-google->-r /tmp/requirements.txt (line 10)) (2.14.2)
#8 4.497 Requirement already satisfied: pyasn1<0.6.0,>=0.4.6 in /home/airflow/.local/lib/python3.12/site-packages (from pyasn1-modules<0.4.0,>=0.2.1->gcloud-aio-storage>=9.0.0->apache-airflow-providers-google->-r /tmp/requirements.txt (line 10)) (0.5.1)
#8 4.530 Requirement already satisfied: docutils in /home/airflow/.local/lib/python3.12/site-packages (from python-daemon>=3.0.0->apache-airflow>=2.7.0->apache-airflow-providers-google->-r /tmp/requirements.txt (line 10)) (0.16)
#8 4.610 Requirement already satisfied: greenlet!=0.4.17 in /home/airflow/.local/lib/python3.12/site-packages (from sqlalchemy<2.0,>=1.4.36->apache-airflow>=2.7.0->apache-airflow-providers-google->-r /tmp/requirements.txt (line 10)) (3.0.3)
#8 4.734 Requirement already satisfied: opentelemetry-exporter-otlp-proto-grpc==1.25.0 in /home/airflow/.local/lib/python3.12/site-packages (from opentelemetry-exporter-otlp->apache-airflow>=2.7.0->apache-airflow-providers-google->-r /tmp/requirements.txt (line 10)) (1.25.0)
#8 4.734 Requirement already satisfied: opentelemetry-exporter-otlp-proto-http==1.25.0 in /home/airflow/.local/lib/python3.12/site-packages (from opentelemetry-exporter-otlp->apache-airflow>=2.7.0->apache-airflow-providers-google->-r /tmp/requirements.txt (line 10)) (1.25.0)
#8 4.744 Requirement already satisfied: opentelemetry-exporter-otlp-proto-common==1.25.0 in /home/airflow/.local/lib/python3.12/site-packages (from opentelemetry-exporter-otlp-proto-grpc==1.25.0->opentelemetry-exporter-otlp->apache-airflow>=2.7.0->apache-airflow-providers-google->-r /tmp/requirements.txt (line 10)) (1.25.0)
#8 4.744 Requirement already satisfied: opentelemetry-proto==1.25.0 in /home/airflow/.local/lib/python3.12/site-packages (from opentelemetry-exporter-otlp-proto-grpc==1.25.0->opentelemetry-exporter-otlp->apache-airflow>=2.7.0->apache-airflow-providers-google->-r /tmp/requirements.txt (line 10)) (1.25.0)
#8 4.745 Requirement already satisfied: opentelemetry-sdk~=1.25.0 in /home/airflow/.local/lib/python3.12/site-packages (from opentelemetry-exporter-otlp-proto-grpc==1.25.0->opentelemetry-exporter-otlp->apache-airflow>=2.7.0->apache-airflow-providers-google->-r /tmp/requirements.txt (line 10)) (1.25.0)
#8 4.783 Requirement already satisfied: pycparser in /home/airflow/.local/lib/python3.12/site-packages (from cffi>=1.12->cryptography>=39.0.0->apache-airflow>=2.7.0->apache-airflow-providers-google->-r /tmp/requirements.txt (line 10)) (2.22)
#8 4.831 Requirement already satisfied: zipp>=0.5 in /home/airflow/.local/lib/python3.12/site-packages (from importlib-metadata<=7.1,>=6.0->opentelemetry-api>=1.15.0->apache-airflow>=2.7.0->apache-airflow-providers-google->-r /tmp/requirements.txt (line 10)) (3.19.2)
#8 4.889 Requirement already satisfied: oauthlib>=3.0.0 in /home/airflow/.local/lib/python3.12/site-packages (from requests-oauthlib>=0.7.0->google-auth-oauthlib->gcsfs>=2023.10.0->apache-airflow-providers-google->-r /tmp/requirements.txt (line 10)) (3.2.2)
#8 4.977 Requirement already satisfied: dnspython>=2.0.0 in /home/airflow/.local/lib/python3.12/site-packages (from email-validator>=1.0.5->flask-appbuilder==4.5.0->apache-airflow-providers-fab>=1.0.2->apache-airflow>=2.7.0->apache-airflow-providers-google->-r /tmp/requirements.txt (line 10)) (2.6.1)
#8 4.985 Requirement already satisfied: Babel>=2.3 in /home/airflow/.local/lib/python3.12/site-packages (from Flask-Babel<3,>=1->flask-appbuilder==4.5.0->apache-airflow-providers-fab>=1.0.2->apache-airflow>=2.7.0->apache-airflow-providers-google->-r /tmp/requirements.txt (line 10)) (2.15.0)
#8 5.000 Requirement already satisfied: limits>=2.8 in /home/airflow/.local/lib/python3.12/site-packages (from Flask-Limiter<4,>3->flask-appbuilder==4.5.0->apache-airflow-providers-fab>=1.0.2->apache-airflow>=2.7.0->apache-airflow-providers-google->-r /tmp/requirements.txt (line 10)) (3.13.0)
#8 5.002 Requirement already satisfied: ordered-set<5,>4 in /home/airflow/.local/lib/python3.12/site-packages (from Flask-Limiter<4,>3->flask-appbuilder==4.5.0->apache-airflow-providers-fab>=1.0.2->apache-airflow>=2.7.0->apache-airflow-providers-google->-r /tmp/requirements.txt (line 10)) (4.1.0)
#8 5.032 Requirement already satisfied: opentelemetry-semantic-conventions==0.46b0 in /home/airflow/.local/lib/python3.12/site-packages (from opentelemetry-sdk~=1.25.0->opentelemetry-exporter-otlp-proto-grpc==1.25.0->opentelemetry-exporter-otlp->apache-airflow>=2.7.0->apache-airflow-providers-google->-r /tmp/requirements.txt (line 10)) (0.46b0)
#8 5.102 Requirement already satisfied: importlib-resources>=1.3 in /home/airflow/.local/lib/python3.12/site-packages (from limits>=2.8->Flask-Limiter<4,>3->flask-appbuilder==4.5.0->apache-airflow-providers-fab>=1.0.2->apache-airflow>=2.7.0->apache-airflow-providers-google->-r /tmp/requirements.txt (line 10)) (6.4.0)
#8 5.176 Downloading duckdb-1.0.0-cp312-cp312-manylinux_2_17_x86_64.manylinux2014_x86_64.whl (18.5 MB)
#8 6.369     18.5/18.5 MB 16.9 MB/s eta 0:00:00
#8 6.415 Downloading pytest-7.4.4-py3-none-any.whl (325 kB)
#8 6.479 Downloading iniconfig-2.0.0-py3-none-any.whl (5.9 kB)
#8 6.839 Installing collected packages: iniconfig, duckdb, pytest
#8 7.279 Successfully installed duckdb-1.0.0 iniconfig-2.0.0 pytest-7.4.4
#8 7.532 
#8 7.532 [notice] A new release of pip is available: 24.2 -> 25.2
#8 7.532 [notice] To update, run: pip install --upgrade pip
#8 DONE 7.8s

#9 [airflow-init] exporting to image
#9 exporting layers
#9 exporting layers 0.2s done
#9 writing image sha256:e50d6cab493cdf4be649465b9538e3a08893df970a4a49f9e8215db692e569d5 done
#9 naming to docker.io/library/smoakland-airflow:local 0.0s done
#9 DONE 0.3s

#10 [airflow-webserver] exporting to image
#10 exporting layers 0.2s done
#10 writing image sha256:5d1c5351c163c815113585fe7e48af6e79229d9c0cb5d718f02b28a5f6bd6b62 done
#10 naming to docker.io/library/smoakland-airflow:local 0.0s done
#10 DONE 0.3s

#11 [airflow-scheduler] exporting to image
#11 exporting layers 0.2s done
#11 writing image sha256:d9af1f6aab6ea55fcc41e20c3327aeb685d07fce6b4e59c10193aba01b5428e5 0.0s done
#11 naming to docker.io/library/smoakland-airflow:local 0.0s done
#11 DONE 0.3s

#12 [airflow-triggerer] exporting to image
#12 exporting layers 0.2s done
#12 writing image sha256:e182210533f414b3ad0fbc3745c0d02ea8011df94e02dbecf228130011fe37d1 0.0s done
#12 naming to docker.io/library/smoakland-airflow:local 0.0s done
#12 DONE 0.3s

#13 [airflow-init] resolving provenance for metadata file
#13 DONE 0.1s

#14 [airflow-scheduler] resolving provenance for metadata file
#14 DONE 0.0s

#15 [airflow-webserver] resolving provenance for metadata file
#15 DONE 0.1s

#16 [airflow-triggerer] resolving provenance for metadata file
#16 DONE 0.0s
 smoakland-airflow:local  Built
 smoakland-airflow:local  Built
 smoakland-airflow:local  Built
 smoakland-airflow:local  Built
